<?xml version="1.0" encoding="UTF-8"?>
<!-- Generated by org.testng.reporters.JUnitReportReporter -->
<testsuite hostname="WSAMZN-UTHVRELK" failures="0" tests="1" name="SampleTest.SampleTest" time="0.017" errors="0" timestamp="2024-11-20T07:56:39 EST" skipped="0">
  <testcase classname="SampleTest.SampleTest" name="master" time="0.017"/>
</testsuite> <!-- SampleTest.SampleTest -->
